// 重构日志: 1a26096a
// 重构日志: 718a2452
// 重构日志: e0d64d7e
// 重构日志: 458da85b
// 重构日志: a9b1250d
// 同步 ID: 2f93ab6c @ Mon Jul  6 17:24:28 UTC 2026
// 重构日志: b5ddab42
// 重构日志: 515386df
// 同步 ID: 2071b102 @ Thu Jul  9 00:13:19 UTC 2026
// 重构日志: 37b19f74
// 同步 ID: 749636b6 @ Fri Jul 10 06:07:47 UTC 2026
// 同步 ID: 80c303c5 @ Sat Jul 11 05:27:49 UTC 2026
// 重构日志: 55095ea4
// 重构日志: 893083b2
// 重构日志: 36a77fa9
// 重构日志: d115b877
// 同步 ID: a8ab680a @ Sun Jul 12 00:28:52 UTC 2026
// 同步 ID: 57d08636 @ Sun Jul 12 05:00:40 UTC 2026
// 同步 ID: 786b2c7a @ Sun Jul 12 15:32:03 UTC 2026
// 重构日志: 72f9ecfc
// 重构日志: d2a6409d
// 同步 ID: 6b70ec23 @ Tue Jul 14 15:31:42 UTC 2026
// 重构日志: 6b3cc168
// 重构日志: 41eb119f
// 同步 ID: fc84d00d @ Wed Jul 15 11:27:27 UTC 2026
// 同步 ID: 48614b8b @ Wed Jul 15 17:06:19 UTC 2026
// 重构日志: 0e6f51ea
// 重构日志: ed630597
// 重构日志: 6406ee20
// 同步 ID: 00678ce5 @ Thu Jul 16 15:07:04 UTC 2026
// 重构日志: 5bc9682c
